2023-08-14T12:39:05.526+02:00  INFO 14072 --- [restartedMain] a.j.planetracer.PlanetracerApplication   : Starting PlanetracerApplication using Java 17.0.8 with PID 14072 (D:\Projects\planetracer\build\classes\java\main started by SirMopf in D:\Projects\planetracer)
2023-08-14T12:39:05.528+02:00  INFO 14072 --- [restartedMain] a.j.planetracer.PlanetracerApplication   : No active profile set, falling back to 1 default profile: "default"
2023-08-14T12:39:05.581+02:00  INFO 14072 --- [restartedMain] .e.DevToolsPropertyDefaultsPostProcessor : Devtools property defaults active! Set 'spring.devtools.add-properties' to 'false' to disable
2023-08-14T12:39:05.581+02:00  INFO 14072 --- [restartedMain] .e.DevToolsPropertyDefaultsPostProcessor : For additional web related logging consider setting the 'logging.level.web' property to 'DEBUG'
2023-08-14T12:39:05.610+02:00  INFO 14072 --- [restartedMain] .s.b.d.c.l.DockerComposeLifecycleManager : Using Docker Compose file 'D:\Projects\planetracer\compose.yaml'
2023-08-14T12:39:07.878+02:00  INFO 14072 --- [restartedMain] .s.d.r.c.RepositoryConfigurationDelegate : Bootstrapping Spring Data JPA repositories in DEFAULT mode.
2023-08-14T12:39:07.938+02:00  INFO 14072 --- [restartedMain] .s.d.r.c.RepositoryConfigurationDelegate : Finished Spring Data repository scanning in 52 ms. Found 3 JPA repository interfaces.
2023-08-14T12:39:08.402+02:00  INFO 14072 --- [restartedMain] o.s.b.w.embedded.tomcat.TomcatWebServer  : Tomcat initialized with port(s): 8080 (http)
2023-08-14T12:39:08.410+02:00  INFO 14072 --- [restartedMain] o.apache.catalina.core.StandardService   : Starting service [Tomcat]
2023-08-14T12:39:08.410+02:00  INFO 14072 --- [restartedMain] o.apache.catalina.core.StandardEngine    : Starting Servlet engine: [Apache Tomcat/10.1.11]
2023-08-14T12:39:08.463+02:00  INFO 14072 --- [restartedMain] o.a.c.c.C.[Tomcat].[localhost].[/]       : Initializing Spring embedded WebApplicationContext
2023-08-14T12:39:08.463+02:00  INFO 14072 --- [restartedMain] w.s.c.ServletWebServerApplicationContext : Root WebApplicationContext: initialization completed in 1461 ms
2023-08-14T12:39:09.215+02:00  INFO 14072 --- [restartedMain] liquibase.changelog                      : Reading from planetracer.databasechangelog
2023-08-14T12:39:09.222+02:00  INFO 14072 --- [restartedMain] liquibase.executor                       : Changelog query completed.
2023-08-14T12:39:09.290+02:00  INFO 14072 --- [restartedMain] com.zaxxer.hikari.HikariDataSource       : HikariPool-1 - Starting...
2023-08-14T12:39:09.323+02:00  INFO 14072 --- [restartedMain] com.zaxxer.hikari.pool.HikariPool        : HikariPool-1 - Added connection org.postgresql.jdbc.PgConnection@1b431c00
2023-08-14T12:39:09.324+02:00  INFO 14072 --- [restartedMain] com.zaxxer.hikari.HikariDataSource       : HikariPool-1 - Start completed.
2023-08-14T12:39:09.355+02:00  INFO 14072 --- [restartedMain] o.hibernate.jpa.internal.util.LogHelper  : HHH000204: Processing PersistenceUnitInfo [name: default]
2023-08-14T12:39:09.409+02:00  INFO 14072 --- [restartedMain] org.hibernate.Version                    : HHH000412: Hibernate ORM core version 6.2.6.Final
2023-08-14T12:39:09.411+02:00  INFO 14072 --- [restartedMain] org.hibernate.cfg.Environment            : HHH000406: Using bytecode reflection optimizer
2023-08-14T12:39:09.556+02:00  INFO 14072 --- [restartedMain] o.h.b.i.BytecodeProviderInitiator        : HHH000021: Bytecode provider name : bytebuddy
2023-08-14T12:39:09.685+02:00  INFO 14072 --- [restartedMain] o.s.o.j.p.SpringPersistenceUnitInfo      : No LoadTimeWeaver setup: ignoring JPA class transformer
2023-08-14T12:39:09.884+02:00  INFO 14072 --- [restartedMain] o.h.b.i.BytecodeProviderInitiator        : HHH000021: Bytecode provider name : bytebuddy
2023-08-14T12:39:10.400+02:00  INFO 14072 --- [restartedMain] o.h.e.t.j.p.i.JtaPlatformInitiator       : HHH000490: Using JtaPlatform implementation: [org.hibernate.engine.transaction.jta.platform.internal.NoJtaPlatform]
2023-08-14T12:39:10.402+02:00  INFO 14072 --- [restartedMain] j.LocalContainerEntityManagerFactoryBean : Initialized JPA EntityManagerFactory for persistence unit 'default'
2023-08-14T12:39:10.744+02:00  WARN 14072 --- [restartedMain] JpaBaseConfiguration$JpaWebConfiguration : spring.jpa.open-in-view is enabled by default. Therefore, database queries may be performed during view rendering. Explicitly configure spring.jpa.open-in-view to disable this warning
2023-08-14T12:39:10.756+02:00  WARN 14072 --- [restartedMain] .s.s.UserDetailsServiceAutoConfiguration : 

Using generated security password: 18a14c4f-2097-4e37-910e-859e6f7eb4cc

This generated password is for development use only. Your security configuration must be updated before running your application in production.

2023-08-14T12:39:10.975+02:00  INFO 14072 --- [restartedMain] o.s.b.a.e.web.EndpointLinksResolver      : Exposing 1 endpoint(s) beneath base path '/actuator'
2023-08-14T12:39:11.010+02:00  INFO 14072 --- [restartedMain] o.s.s.web.DefaultSecurityFilterChain     : Will secure any request with [org.springframework.security.web.session.DisableEncodeUrlFilter@2eda8823, org.springframework.security.web.context.request.async.WebAsyncManagerIntegrationFilter@1e342287, org.springframework.security.web.context.SecurityContextHolderFilter@b5aac0a, org.springframework.security.web.header.HeaderWriterFilter@60a35360, org.springframework.web.filter.CorsFilter@4b67b1c6, org.springframework.security.web.authentication.logout.LogoutFilter@c675a1a, org.springframework.security.web.savedrequest.RequestCacheAwareFilter@6a072f08, org.springframework.security.web.servletapi.SecurityContextHolderAwareRequestFilter@2edcbe8e, org.springframework.security.web.authentication.AnonymousAuthenticationFilter@3b1defdd, org.springframework.security.web.access.ExceptionTranslationFilter@4bdaaf6d, org.springframework.security.web.access.intercept.AuthorizationFilter@20d2119e]
2023-08-14T12:39:11.187+02:00  INFO 14072 --- [restartedMain] o.s.b.d.a.OptionalLiveReloadServer       : LiveReload server is running on port 35729
2023-08-14T12:39:11.241+02:00  INFO 14072 --- [restartedMain] o.s.b.w.embedded.tomcat.TomcatWebServer  : Tomcat started on port(s): 8080 (http) with context path ''
2023-08-14T12:39:11.252+02:00  INFO 14072 --- [restartedMain] a.j.planetracer.PlanetracerApplication   : Started PlanetracerApplication in 6.099 seconds (process running for 6.712)
2023-08-14T12:39:11.761+02:00  INFO 14072 --- [RMI TCP Connection(1)-192.168.0.220] o.a.c.c.C.[Tomcat].[localhost].[/]       : Initializing Spring DispatcherServlet 'dispatcherServlet'
2023-08-14T12:39:11.762+02:00  INFO 14072 --- [RMI TCP Connection(1)-192.168.0.220] o.s.web.servlet.DispatcherServlet        : Initializing Servlet 'dispatcherServlet'
2023-08-14T12:39:11.763+02:00  INFO 14072 --- [RMI TCP Connection(1)-192.168.0.220] o.s.web.servlet.DispatcherServlet        : Completed initialization in 1 ms
2023-08-14T13:37:19.459+02:00  INFO 14072 --- [File Watcher] rtingClassPathChangeChangedEventListener : Restarting due to 3 class path changes (0 additions, 0 deletions, 3 modifications)
2023-08-14T13:37:19.468+02:00  INFO 14072 --- [Thread-17] o.apache.catalina.core.StandardService   : Stopping service [Tomcat]
2023-08-14T13:37:19.469+02:00  INFO 14072 --- [Thread-17] o.a.c.c.C.[Tomcat].[localhost].[/]       : Destroying Spring FrameworkServlet 'dispatcherServlet'
2023-08-14T13:37:19.477+02:00  INFO 14072 --- [Thread-17] j.LocalContainerEntityManagerFactoryBean : Closing JPA EntityManagerFactory for persistence unit 'default'
2023-08-14T13:37:19.479+02:00  INFO 14072 --- [Thread-17] com.zaxxer.hikari.HikariDataSource       : HikariPool-1 - Shutdown initiated...
2023-08-14T13:37:19.483+02:00  INFO 14072 --- [Thread-17] com.zaxxer.hikari.HikariDataSource       : HikariPool-1 - Shutdown completed.
